2019-03-21 13:25:32.283  INFO 14616 --- [main] c.a.s.Springboot000001Application        : Starting Springboot000001Application on ADMIN-PC with PID 14616 (started by admin in D:\spring boot\springboot00001)
2019-03-21 13:25:32.286  INFO 14616 --- [main] c.a.s.Springboot000001Application        : No active profile set, falling back to default profiles: default
2019-03-21 13:25:33.666  INFO 14616 --- [main] o.s.b.w.embedded.tomcat.TomcatWebServer  : Tomcat initialized with port(s): 8080 (http)
2019-03-21 13:25:33.700  INFO 14616 --- [main] o.apache.catalina.core.StandardService   : Starting service [Tomcat]
2019-03-21 13:25:33.701  INFO 14616 --- [main] org.apache.catalina.core.StandardEngine  : Starting Servlet engine: [Apache Tomcat/9.0.16]
2019-03-21 13:25:33.708  INFO 14616 --- [main] o.a.catalina.core.AprLifecycleListener   : The APR based Apache Tomcat Native library which allows optimal performance in production environments was not found on the java.library.path: [C:\Program Files\Java\jdk1.8.0_172\bin;C:\Windows\Sun\Java\bin;C:\Windows\system32;C:\Windows;C:\Program Files (x86)\Common Files\Oracle\Java\javapath;C:\Program Files\Java\jdk1.8.0_172\bin;C:\Program Files\Java\jdk1.8.0_172\jre\bin;D:\app\admin\product\11.2.0\dbhome_1\bin;C:\Windows\system32;C:\Windows;C:\Windows\System32\Wbem;C:\Windows\System32\WindowsPowerShell\v1.0\;C:\Program Files (x86)\Common Files\Thunder Network\KanKan\Codecs;D:\maven\apache-maven-3.5.3\bin;C:\Program Files\VisualSVN Server\bin;C:\Program Files\TortoiseSVN\bin;D:\mysql\bin;D:\mysql\bin;D:\Program Files\PuTTY\;.]
2019-03-21 13:25:33.814  INFO 14616 --- [main] o.a.c.c.C.[Tomcat].[localhost].[/]       : Initializing Spring embedded WebApplicationContext
2019-03-21 13:25:33.815  INFO 14616 --- [main] o.s.web.context.ContextLoader            : Root WebApplicationContext: initialization completed in 1473 ms
2019-03-21 13:25:34.088  INFO 14616 --- [main] o.s.s.concurrent.ThreadPoolTaskExecutor  : Initializing ExecutorService 'applicationTaskExecutor'
2019-03-21 13:25:34.330  INFO 14616 --- [main] o.s.b.w.embedded.tomcat.TomcatWebServer  : Tomcat started on port(s): 8080 (http) with context path ''
2019-03-21 13:25:34.334  INFO 14616 --- [main] c.a.s.Springboot000001Application        : Started Springboot000001Application in 3.1 seconds (JVM running for 4.349)
2019-03-21 13:29:08.464  INFO 14616 --- [http-nio-8080-exec-1] o.a.c.c.C.[Tomcat].[localhost].[/]       : Initializing Spring DispatcherServlet 'dispatcherServlet'
2019-03-21 13:29:08.465  INFO 14616 --- [http-nio-8080-exec-1] o.s.web.servlet.DispatcherServlet        : Initializing Servlet 'dispatcherServlet'
2019-03-21 13:29:08.477  INFO 14616 --- [http-nio-8080-exec-1] o.s.web.servlet.DispatcherServlet        : Completed initialization in 12 ms
2019-03-21 13:30:16.621  INFO 14460 --- [main] c.a.s.Springboot000001Application        : Starting Springboot000001Application on ADMIN-PC with PID 14460 (started by admin in D:\spring boot\springboot00001)
2019-03-21 13:30:16.624  INFO 14460 --- [main] c.a.s.Springboot000001Application        : No active profile set, falling back to default profiles: default
2019-03-21 13:30:17.768  INFO 14460 --- [main] o.s.b.w.embedded.tomcat.TomcatWebServer  : Tomcat initialized with port(s): 8080 (http)
2019-03-21 13:30:17.792  INFO 14460 --- [main] o.apache.catalina.core.StandardService   : Starting service [Tomcat]
2019-03-21 13:30:17.793  INFO 14460 --- [main] org.apache.catalina.core.StandardEngine  : Starting Servlet engine: [Apache Tomcat/9.0.16]
2019-03-21 13:30:17.800  INFO 14460 --- [main] o.a.catalina.core.AprLifecycleListener   : The APR based Apache Tomcat Native library which allows optimal performance in production environments was not found on the java.library.path: [C:\Program Files\Java\jdk1.8.0_172\bin;C:\Windows\Sun\Java\bin;C:\Windows\system32;C:\Windows;C:\Program Files (x86)\Common Files\Oracle\Java\javapath;C:\Program Files\Java\jdk1.8.0_172\bin;C:\Program Files\Java\jdk1.8.0_172\jre\bin;D:\app\admin\product\11.2.0\dbhome_1\bin;C:\Windows\system32;C:\Windows;C:\Windows\System32\Wbem;C:\Windows\System32\WindowsPowerShell\v1.0\;C:\Program Files (x86)\Common Files\Thunder Network\KanKan\Codecs;D:\maven\apache-maven-3.5.3\bin;C:\Program Files\VisualSVN Server\bin;C:\Program Files\TortoiseSVN\bin;D:\mysql\bin;D:\mysql\bin;D:\Program Files\PuTTY\;.]
2019-03-21 13:30:17.906  INFO 14460 --- [main] o.a.c.c.C.[Tomcat].[localhost].[/]       : Initializing Spring embedded WebApplicationContext
2019-03-21 13:30:17.906  INFO 14460 --- [main] o.s.web.context.ContextLoader            : Root WebApplicationContext: initialization completed in 1210 ms
2019-03-21 13:30:18.191  INFO 14460 --- [main] o.s.s.concurrent.ThreadPoolTaskExecutor  : Initializing ExecutorService 'applicationTaskExecutor'
2019-03-21 13:30:18.404  INFO 14460 --- [main] o.s.b.w.embedded.tomcat.TomcatWebServer  : Tomcat started on port(s): 8080 (http) with context path ''
2019-03-21 13:30:18.408  INFO 14460 --- [main] c.a.s.Springboot000001Application        : Started Springboot000001Application in 2.401 seconds (JVM running for 3.369)
2019-03-21 13:30:22.088  INFO 14460 --- [http-nio-8080-exec-1] o.a.c.c.C.[Tomcat].[localhost].[/]       : Initializing Spring DispatcherServlet 'dispatcherServlet'
2019-03-21 13:30:22.088  INFO 14460 --- [http-nio-8080-exec-1] o.s.web.servlet.DispatcherServlet        : Initializing Servlet 'dispatcherServlet'
2019-03-21 13:30:22.094  INFO 14460 --- [http-nio-8080-exec-1] o.s.web.servlet.DispatcherServlet        : Completed initialization in 6 ms
2019-03-21 13:30:22.131  INFO 14460 --- [http-nio-8080-exec-1] c.a.s.controller.TestController          : hello world
2019-03-21 13:30:27.563  INFO 14460 --- [http-nio-8080-exec-4] c.a.s.controller.TestController          : hello world
